-------------------------------------------------------------------------------
Test set: ru.praktikumService.qascooter.LoginCourierTest
-------------------------------------------------------------------------------
Tests run: 5, Failures: 1, Errors: 0, Skipped: 0, Time elapsed: 69.224 s <<< FAILURE! - in ru.praktikumService.qascooter.LoginCourierTest
AuthNoPasswordTest(ru.praktikumService.qascooter.LoginCourierTest)  Time elapsed: 61.791 s  <<< FAILURE!
java.lang.AssertionError: Ожидаем ответ 400 expected:<504> but was:<400>
	at ru.praktikumService.qascooter.LoginCourierTest.AuthNoPasswordTest(LoginCourierTest.java:77)

